0 info it worked if it ends with ok
1 verbose cli [ '/usr/local/bin/node', '/usr/local/bin/npm', 'run', 'hot' ]
2 info using npm@3.10.10
3 info using node@v6.10.3
4 verbose run-script [ 'prehot', 'hot', 'posthot' ]
5 info lifecycle ecmascript2015-fast-course@1.0.0~prehot: ecmascript2015-fast-course@1.0.0
6 silly lifecycle ecmascript2015-fast-course@1.0.0~prehot: no script for prehot, continuing
7 info lifecycle ecmascript2015-fast-course@1.0.0~hot: ecmascript2015-fast-course@1.0.0
8 verbose lifecycle ecmascript2015-fast-course@1.0.0~hot: unsafe-perm in lifecycle true
9 verbose lifecycle ecmascript2015-fast-course@1.0.0~hot: PATH: /usr/local/lib/node_modules/npm/bin/node-gyp-bin:/home/alexvfornazieri/Abelha.network/EcmaScript/es6/node_modules/.bin:/usr/local/sbin:/usr/local/bin:/usr/sbin:/usr/bin:/sbin:/bin:/usr/games:/usr/local/games:/snap/bin:/usr/lib/jvm/java-8-oracle/bin:/usr/lib/jvm/java-8-oracle/db/bin:/usr/lib/jvm/java-8-oracle/jre/bin:/snap/bin:/usr/lib/jvm/java-8-oracle/bin:/usr/lib/jvm/java-8-oracle/db/bin:/usr/lib/jvm/java-8-oracle/jre/bin
10 verbose lifecycle ecmascript2015-fast-course@1.0.0~hot: CWD: /home/alexvfornazieri/Abelha.network/EcmaScript/es6
11 silly lifecycle ecmascript2015-fast-course@1.0.0~hot: Args: [ '-c', 'NODE_ENV=hot webpack-dev-server' ]
12 silly lifecycle ecmascript2015-fast-course@1.0.0~hot: Returned: code: 1  signal: null
13 info lifecycle ecmascript2015-fast-course@1.0.0~hot: Failed to exec hot script
14 verbose stack Error: ecmascript2015-fast-course@1.0.0 hot: `NODE_ENV=hot webpack-dev-server`
14 verbose stack Exit status 1
14 verbose stack     at EventEmitter.<anonymous> (/usr/local/lib/node_modules/npm/lib/utils/lifecycle.js:255:16)
14 verbose stack     at emitTwo (events.js:106:13)
14 verbose stack     at EventEmitter.emit (events.js:191:7)
14 verbose stack     at ChildProcess.<anonymous> (/usr/local/lib/node_modules/npm/lib/utils/spawn.js:40:14)
14 verbose stack     at emitTwo (events.js:106:13)
14 verbose stack     at ChildProcess.emit (events.js:191:7)
14 verbose stack     at maybeClose (internal/child_process.js:886:16)
14 verbose stack     at Process.ChildProcess._handle.onexit (internal/child_process.js:226:5)
15 verbose pkgid ecmascript2015-fast-course@1.0.0
16 verbose cwd /home/alexvfornazieri/Abelha.network/EcmaScript/es6
17 error Linux 4.4.0-78-generic
18 error argv "/usr/local/bin/node" "/usr/local/bin/npm" "run" "hot"
19 error node v6.10.3
20 error npm  v3.10.10
21 error code ELIFECYCLE
22 error ecmascript2015-fast-course@1.0.0 hot: `NODE_ENV=hot webpack-dev-server`
22 error Exit status 1
23 error Failed at the ecmascript2015-fast-course@1.0.0 hot script 'NODE_ENV=hot webpack-dev-server'.
23 error Make sure you have the latest version of node.js and npm installed.
23 error If you do, this is most likely a problem with the ecmascript2015-fast-course package,
23 error not with npm itself.
23 error Tell the author that this fails on your system:
23 error     NODE_ENV=hot webpack-dev-server
23 error You can get information on how to open an issue for this project with:
23 error     npm bugs ecmascript2015-fast-course
23 error Or if that isn't available, you can get their info via:
23 error     npm owner ls ecmascript2015-fast-course
23 error There is likely additional logging output above.
24 verbose exit [ 1, true ]
